\BOOKMARK [0][-]{section*.1}{Hyperon Masses}{}% 1
\BOOKMARK [1][-]{section*.2}{gmo rln }{section*.1}% 2
\BOOKMARK [1][-]{section*.3}{Motivation}{section*.1}% 3
\BOOKMARK [1][-]{section*.4}{Analysis Notes}{section*.1}% 4
\BOOKMARK [2][-]{section*.5}{Fitting the correlators to extract GMO}{section*.4}% 5
\BOOKMARK [1][-]{section*.6}{xpt preliminaries}{section*.1}% 6
\BOOKMARK [1][-]{section*.7}{Scattered notes}{section*.1}% 7
\BOOKMARK [2][-]{section*.8}{expansion}{section*.7}% 8
\BOOKMARK [1][-]{section*.9}{Nucleon sigma term}{section*.1}% 9
\BOOKMARK [2][-]{section*.10}{Derivation of the perturbative nucleon mass}{section*.9}% 10
\BOOKMARK [1][-]{section*.11}{XPT expressions for Delta and Nucleon}{section*.1}% 11
\BOOKMARK [2][-]{section*.12}{simultaneous fits for Delta}{section*.11}% 12
\BOOKMARK [2][-]{section*.13}{Poisson summation formula}{section*.11}% 13
\BOOKMARK [2][-]{section*.14}{Why do we need finite volume corrections?}{section*.11}% 14
\BOOKMARK [2][-]{section*.15}{Z3 Gauge fields on a graph}{section*.11}% 15
\BOOKMARK [1][-]{section*.16}{Meson XPT}{section*.1}% 16
\BOOKMARK [2][-]{section*.17}{Pion Mass at one-loop}{section*.16}% 17
\BOOKMARK [1][-]{section*.18}{Heavy Baryon XPT}{section*.1}% 18
\BOOKMARK [2][-]{section*.19}{LO self-energy correction of nucleon masses}{section*.18}% 19
\BOOKMARK [1][-]{section*.20}{Fitting strategies}{section*.1}% 20
\BOOKMARK [2][-]{section*.21}{Model Averaging}{section*.20}% 21
\BOOKMARK [1][-]{section*.22}{Meeting 9/8/21}{section*.1}% 22
